{"level":"info","fileLogging":true,"jsonLogOutput":true,"logDirectory":"/home/ibanrama/Documents/Developments/golang/dev/src/jasanya-dueit-mail/internal/logs","fileName":"mail.log","maxSizeMB":200000000,"maxBackups":2000,"maxAgeInDays":2000,"time":"2023-06-26T01:08:00+07:00","message":"logging configured"}
{"level":"info","time":"2023-06-26T01:08:00+07:00","message":"consumer start listen..."}
{"level":"error","error":"failed to dial: failed to open connection to 103.82.92.34:9092: dial tcp 103.82.92.34:9092: connect: connection refused","time":"2023-06-26T01:08:11+07:00","message":"cannot read message kafka : failed to dial: failed to open connection to 103.82.92.34:9092: dial tcp 103.82.92.34:9092: connect: connection refused"}
{"level":"info","fileLogging":true,"jsonLogOutput":true,"logDirectory":"/home/ibanrama/Documents/Developments/golang/dev/src/jasanya-dueit-mail/internal/logs","fileName":"mail.log","maxSizeMB":200000000,"maxBackups":2000,"maxAgeInDays":2000,"time":"2023-06-26T01:36:33+07:00","message":"logging configured"}
{"level":"info","time":"2023-06-26T01:36:33+07:00","message":"consumer start listen..."}
{"level":"info","time":"2023-06-26T01:36:38+07:00","message":"message at topic/partition/offset send-mail/0/0:  = {\"message\":\"http://localhost:3000/forgot-password?email=apigateway@gmail.com\\u0026token=eyJhbGciOiJIUzI1NiIsInR5cCI6IkpXVCJ9.eyJleHAiOjE2ODc3MTg0NzQsImlhdCI6MTY4NzcxODE3NCwibmJmIjoxNjg3NzE4MTc0LCJzdWIiOiI4MjQ5ZmVjZGM4Nzg5YmZjOTY3NTlmYjJkNDgzMzM1M2ZhNTM2ODNlM2YxYTI4MGUzYTdhMmIxNjlkOTJkODhhMjA4MDRkNTc3MDBiZjE1ZTM5ZDk3MzMzYmY1NmM3M2Q2ZWRmOWU1YTkxNTJlYTcwNGFkODVjNTgxNzRhMTUzY2Q3ODgxMWY0NWZmZTJkZGFmNjRjIn0.a7jHf8afteoSSMoJBsMtPu1nJ2RWkd4Hf6A_cdN1R20\",\"to\":\"apigateway@gmail.com\",\"type\":\"forgot-password\"}\n"}
{"level":"error","error":"535 5.7.8 Username and Password not accepted. Learn more at\n5.7.8  https://support.google.com/mail/?p=BadCredentials w1-20020a170902d70100b001b523714ed5sm2707992ply.252 - gsmtp","time":"2023-06-26T01:36:41+07:00","message":"cannot send mail with smtp : 535 5.7.8 Username and Password not accepted. Learn more at\n5.7.8  https://support.google.com/mail/?p=BadCredentials w1-20020a170902d70100b001b523714ed5sm2707992ply.252 - gsmtp"}
{"level":"info","time":"2023-06-26T01:43:52+07:00","message":"close kafka"}
{"level":"info","time":"2023-06-26T01:43:52+07:00","message":"os exit"}
{"level":"info","fileLogging":true,"jsonLogOutput":true,"logDirectory":"/home/ibanrama/Documents/Developments/golang/dev/src/jasanya-dueit-mail/internal/logs","fileName":"mail.log","maxSizeMB":200000000,"maxBackups":2000,"maxAgeInDays":2000,"time":"2023-06-26T01:43:54+07:00","message":"logging configured"}
{"level":"info","time":"2023-06-26T01:43:54+07:00","message":"consumer start listen..."}
{"level":"info","time":"2023-06-26T01:44:02+07:00","message":"message at topic/partition/offset send-mail/0/1:  = {\"message\":\"http://localhost:3000/forgot-password?email=apigateway@gmail.com\\u0026token=eyJhbGciOiJIUzI1NiIsInR5cCI6IkpXVCJ9.eyJleHAiOjE2ODc3MTg5NDEsImlhdCI6MTY4NzcxODY0MSwibmJmIjoxNjg3NzE4NjQxLCJzdWIiOiI0MTFmYjIyZTQ4NjA0Y2NmZjU3YzJmNmExZDU3MjFhYjMwNzViMjY3ZGU1Y2ZiZmRmZjFjNGM3MDY0NWRhZDllOWNkNzUyMjQ4NTlhMTUxMzhlMjEwMjY0MWQ0ODg2NzkzNjg0MmM5YTFmZjBkODFlOWYzNmI0ZWNmMWRlNjEyNGM5ZWE4ODRmOWNiNGY5YWU4NTNiIn0.0CH2-zeh4L78lLvH4Pcqjq9RXnCWAQazpiXjsE23AVc\",\"to\":\"apigateway@gmail.com\",\"type\":\"forgot-password\"}\n"}
{"level":"info","time":"2023-06-26T01:44:06+07:00","message":"mail success send"}
{"level":"info","time":"2023-06-26T01:44:56+07:00","message":"message at topic/partition/offset send-mail/0/2:  = {\"message\":\"http://localhost:3000/forgot-password?email=ibanrama29@gmail.com\\u0026token=eyJhbGciOiJIUzI1NiIsInR5cCI6IkpXVCJ9.eyJleHAiOjE2ODc3MTg5OTUsImlhdCI6MTY4NzcxODY5NSwibmJmIjoxNjg3NzE4Njk1LCJzdWIiOiI4NjA1MzJiYTVlZjhhZjMwNWRiZTEyMzI1Nzc5YmNlYjVkM2M2ZDZlNGJmNWE0ZWQ0MzQ1MmNhYTgxMjU1ZTVlZjUyOGFiYWFlNjk2YjRiZjlkMmU0ZjE3ZGMyYzI1YThiZWIwNDU2MDgwMTZiM2ZiOGNjNmZhOWEzYTI4YjlhMjMwOTNiM2Q1ODI5NzAwMTgzMzc3In0.mRfZmUNDLwEQ7YkiykleWoXVxNOcEDWUXU77eC8xIIA\",\"to\":\"ibanrama29@gmail.com\",\"type\":\"forgot-password\"}\n"}
{"level":"info","time":"2023-06-26T01:45:02+07:00","message":"mail success send"}
{"level":"info","time":"2023-06-26T01:45:57+07:00","message":"message at topic/partition/offset send-mail/0/3:  = {\"message\":\"103230\",\"to\":\"ibanrama29@gmail.com\",\"type\":\"activasi-account\"}\n"}
{"level":"info","time":"2023-06-26T01:46:01+07:00","message":"mail success send"}
{"level":"info","time":"2023-06-26T01:47:48+07:00","message":"close kafka"}
{"level":"info","time":"2023-06-26T01:47:48+07:00","message":"os exit"}
{"level":"info","fileLogging":true,"jsonLogOutput":true,"logDirectory":"/home/ibanrama/Documents/Developments/golang/dev/src/jasanya-dueit-mail/internal/logs","fileName":"mail.log","maxSizeMB":200000000,"maxBackups":2000,"maxAgeInDays":2000,"time":"2023-06-26T01:47:49+07:00","message":"logging configured"}
{"level":"info","time":"2023-06-26T01:47:49+07:00","message":"consumer start listen..."}
{"level":"info","time":"2023-06-26T01:47:54+07:00","message":"message at topic/partition/offset send-mail/0/4:  = {\"message\":\"103230\",\"to\":\"ibanrama29@gmail.com\",\"type\":\"activasi-account\"}\n"}
{"level":"info","time":"2023-06-26T01:47:59+07:00","message":"mail success send"}
{"level":"info","time":"2023-06-26T01:48:13+07:00","message":"close kafka"}
{"level":"info","time":"2023-06-26T01:48:13+07:00","message":"os exit"}
{"level":"info","fileLogging":true,"jsonLogOutput":true,"logDirectory":"/home/ibanrama/Documents/Developments/golang/dev/src/jasanya-dueit-mail/internal/logs","fileName":"mail.log","maxSizeMB":200000000,"maxBackups":2000,"maxAgeInDays":2000,"time":"2023-06-26T01:48:14+07:00","message":"logging configured"}
{"level":"info","time":"2023-06-26T01:48:14+07:00","message":"consumer start listen..."}
{"level":"info","time":"2023-06-26T01:48:19+07:00","message":"message at topic/partition/offset send-mail/0/5:  = {\"message\":\"http://localhost:3000/forgot-password?email=ibanrama29@gmail.com\\u0026token=eyJhbGciOiJIUzI1NiIsInR5cCI6IkpXVCJ9.eyJleHAiOjE2ODc3MTkxOTgsImlhdCI6MTY4NzcxODg5OCwibmJmIjoxNjg3NzE4ODk4LCJzdWIiOiIyZmFiOTg5MDFkNzhmYmY4ZjVlNTc0Mjk4ZmZmZDI2Yjc3ZjNhNGQ4ZjMzNjQ5YjRjM2Y2OTc3NzE4NDIyNGJjNWM4NzBkZTQ1ZDg5ZWIxZmYxYTMwYmVmODY1Y2I1ZTZhNjEyMDk0M2Q3YTQ5Yjk5MGJmNGRkZTgzMGRkMGI1NzBjOTM1ODFjNTY1YzgxNjI0Mjg4In0.S_lvQBi2Iv1GOm1cemnS5KF7rnnzPzmqkfeGRKojWrM\",\"to\":\"ibanrama29@gmail.com\",\"type\":\"forgot-password\"}\n"}
{"level":"info","time":"2023-06-26T01:48:23+07:00","message":"mail success send"}
{"level":"info","time":"2023-06-26T01:48:35+07:00","message":"close kafka"}
{"level":"info","time":"2023-06-26T01:48:35+07:00","message":"os exit"}
{"level":"info","fileLogging":true,"jsonLogOutput":true,"logDirectory":"/home/ibanrama/Documents/Developments/golang/dev/src/jasanya-dueit-mail/internal/logs","fileName":"mail.log","maxSizeMB":200000000,"maxBackups":2000,"maxAgeInDays":2000,"time":"2023-06-26T02:19:09+07:00","message":"logging configured"}
{"level":"info","time":"2023-06-26T02:19:09+07:00","message":"consumer start listen..."}
{"level":"info","time":"2023-06-26T02:19:37+07:00","message":"close kafka"}
{"level":"info","time":"2023-06-26T02:19:37+07:00","message":"os exit"}
{"level":"info","fileLogging":true,"jsonLogOutput":true,"logDirectory":"/home/ibanrama/Documents/developments/golang/jasanya-tech/dueit-micro-project/mail-service/internal/logs","fileName":"mail.log","maxSizeMB":200000000,"maxBackups":2000,"maxAgeInDays":2000,"time":"2023-09-16T11:39:13+07:00","message":"logging configured"}
{"level":"info","fileLogging":true,"jsonLogOutput":true,"logDirectory":"/home/ibanrama/Documents/developments/golang/jasanya-tech/dueit-micro-project/mail-service/internal/logs","fileName":"mail.log","maxSizeMB":200000000,"maxBackups":2000,"maxAgeInDays":2000,"time":"2023-09-16T11:39:29+07:00","message":"logging configured"}
{"level":"info","time":"2023-09-16T11:39:29+07:00","message":"consumer start listen..."}
{"level":"error","error":"failed to dial: failed to open connection to 27.112.78.47:9093: dial tcp 27.112.78.47:9093: connect: connection refused","time":"2023-09-16T11:39:39+07:00","message":"cannot read message kafka : failed to dial: failed to open connection to 27.112.78.47:9093: dial tcp 27.112.78.47:9093: connect: connection refused"}
{"level":"info","fileLogging":true,"jsonLogOutput":true,"logDirectory":"/home/ibanrama/Documents/developments/golang/jasanya-tech/dueit-micro-project/mail-service/internal/logs","fileName":"mail.log","maxSizeMB":200000000,"maxBackups":2000,"maxAgeInDays":2000,"time":"2023-09-16T11:46:31+07:00","message":"logging configured"}
{"level":"info","time":"2023-09-16T11:46:31+07:00","message":"consumer start listen..."}
{"level":"error","error":"[15] Group Coordinator Not Available: the broker returns this error code for group coordinator requests, offset commits, and most group management requests if the offsets topic has not yet been created, or if the group coordinator is not active","time":"2023-09-16T11:46:41+07:00","message":"cannot read message kafka : [15] Group Coordinator Not Available: the broker returns this error code for group coordinator requests, offset commits, and most group management requests if the offsets topic has not yet been created, or if the group coordinator is not active"}
{"level":"info","fileLogging":true,"jsonLogOutput":true,"logDirectory":"/home/ibanrama/Documents/developments/golang/jasanya-tech/dueit-micro-project/mail-service/internal/logs","fileName":"mail.log","maxSizeMB":200000000,"maxBackups":2000,"maxAgeInDays":2000,"time":"2023-09-16T11:49:22+07:00","message":"logging configured"}
{"level":"info","time":"2023-09-16T11:49:22+07:00","message":"consumer start listen..."}
{"level":"error","error":"[15] Group Coordinator Not Available: the broker returns this error code for group coordinator requests, offset commits, and most group management requests if the offsets topic has not yet been created, or if the group coordinator is not active","time":"2023-09-16T11:49:32+07:00","message":"cannot read message kafka : [15] Group Coordinator Not Available: the broker returns this error code for group coordinator requests, offset commits, and most group management requests if the offsets topic has not yet been created, or if the group coordinator is not active"}
{"level":"info","fileLogging":true,"jsonLogOutput":true,"logDirectory":"/home/ibanrama/Documents/developments/golang/jasanya-tech/dueit-micro-project/mail-service/internal/logs","fileName":"mail.log","maxSizeMB":200000000,"maxBackups":2000,"maxAgeInDays":2000,"time":"2023-09-16T11:51:10+07:00","message":"logging configured"}
{"level":"info","time":"2023-09-16T11:51:10+07:00","message":"consumer start listen..."}
{"level":"error","error":"[15] Group Coordinator Not Available: the broker returns this error code for group coordinator requests, offset commits, and most group management requests if the offsets topic has not yet been created, or if the group coordinator is not active","time":"2023-09-16T11:51:20+07:00","message":"cannot read message kafka : [15] Group Coordinator Not Available: the broker returns this error code for group coordinator requests, offset commits, and most group management requests if the offsets topic has not yet been created, or if the group coordinator is not active"}
{"level":"info","fileLogging":true,"jsonLogOutput":true,"logDirectory":"/home/ibanrama/Documents/developments/golang/jasanya-tech/dueit-micro-project/mail-service/internal/logs","fileName":"mail.log","maxSizeMB":200000000,"maxBackups":2000,"maxAgeInDays":2000,"time":"2023-09-16T11:53:38+07:00","message":"logging configured"}
{"level":"info","time":"2023-09-16T11:53:38+07:00","message":"consumer start listen..."}
{"level":"error","error":"failed to dial: failed to open connection to 27.112.78.47:9093: dial tcp 27.112.78.47:9093: connect: connection refused","time":"2023-09-16T11:53:48+07:00","message":"cannot read message kafka : failed to dial: failed to open connection to 27.112.78.47:9093: dial tcp 27.112.78.47:9093: connect: connection refused"}
{"level":"info","fileLogging":true,"jsonLogOutput":true,"logDirectory":"/home/ibanrama/Documents/developments/golang/jasanya-tech/dueit-micro-project/mail-service/internal/logs","fileName":"mail.log","maxSizeMB":200000000,"maxBackups":2000,"maxAgeInDays":2000,"time":"2023-09-16T11:56:43+07:00","message":"logging configured"}
{"level":"info","time":"2023-09-16T11:56:43+07:00","message":"consumer start listen..."}
{"level":"error","error":"failed to dial: failed to open connection to 27.112.78.47:9093: dial tcp 27.112.78.47:9093: connect: connection refused","time":"2023-09-16T11:58:19+07:00","message":"cannot read message kafka : failed to dial: failed to open connection to 27.112.78.47:9093: dial tcp 27.112.78.47:9093: connect: connection refused"}
{"level":"info","fileLogging":true,"jsonLogOutput":true,"logDirectory":"/home/ibanrama/Documents/developments/golang/jasanya-tech/dueit-micro-project/mail-service/internal/logs","fileName":"mail.log","maxSizeMB":200000000,"maxBackups":2000,"maxAgeInDays":2000,"time":"2023-09-16T12:03:16+07:00","message":"logging configured"}
{"level":"info","time":"2023-09-16T12:03:16+07:00","message":"consumer start listen..."}
{"level":"info","time":"2023-09-16T12:03:23+07:00","message":"mail success send"}
{"level":"info","time":"2023-09-16T12:03:23+07:00","message":"message at topic/partition/offset sendmail/0/0:  = {\"to\":\"ibanrama229@gmail.com\",\"type\":\"activasi-account\",\"value\":\"ItfkNn\"}\n"}
{"level":"info","time":"2023-09-16T12:06:03+07:00","message":"close kafka"}
{"level":"info","time":"2023-09-16T12:06:04+07:00","message":"os exit"}
{"level":"info","fileLogging":true,"jsonLogOutput":true,"logDirectory":"/home/ibanrama/Documents/developments/golang/jasanya-tech/dueit-micro-project/mail-service/internal/logs","fileName":"mail.log","maxSizeMB":200000000,"maxBackups":2000,"maxAgeInDays":2000,"time":"2023-09-16T12:06:05+07:00","message":"logging configured"}
{"level":"info","time":"2023-09-16T12:06:05+07:00","message":"consumer start listen..."}
{"level":"info","time":"2023-09-16T12:06:12+07:00","message":"mail success send"}
{"level":"info","time":"2023-09-16T12:06:12+07:00","message":"message at topic/partition/offset sendmail/0/1:  = {\"to\":\"ibanrama229@gmail.com\",\"type\":\"activasi-account\",\"value\":\"ItfkNn\"}\n"}
{"level":"info","time":"2023-09-16T12:06:57+07:00","message":"close kafka"}
{"level":"info","time":"2023-09-16T12:06:58+07:00","message":"os exit"}
{"level":"info","fileLogging":true,"jsonLogOutput":true,"logDirectory":"/home/ibanrama/Documents/developments/golang/jasanya-tech/dueit-micro-project/mail-service/internal/logs","fileName":"mail.log","maxSizeMB":200000000,"maxBackups":2000,"maxAgeInDays":2000,"time":"2023-09-16T12:06:59+07:00","message":"logging configured"}
{"level":"info","time":"2023-09-16T12:06:59+07:00","message":"consumer start listen..."}
{"level":"info","time":"2023-09-16T12:07:11+07:00","message":"mail success send"}
{"level":"info","time":"2023-09-16T12:07:11+07:00","message":"message at topic/partition/offset sendmail/0/2:  = {\"to\":\"ibanrama229@gmail.com\",\"type\":\"activasi-account\",\"value\":\"ItfkNn\"}\n"}
{"level":"info","time":"2023-09-16T12:07:24+07:00","message":"mail success send"}
{"level":"info","time":"2023-09-16T12:07:24+07:00","message":"message at topic/partition/offset sendmail/0/3:  = {\"to\":\"syaiban95@gmail.com\",\"type\":\"activasi-account\",\"value\":\"FZzeQx\"}\n"}
{"level":"info","time":"2023-09-16T12:08:02+07:00","message":"close kafka"}
{"level":"info","time":"2023-09-16T12:08:02+07:00","message":"os exit"}
{"level":"error","error":"EOF","time":"2023-09-16T12:08:02+07:00","message":"cannot read message kafka : EOF"}
{"level":"info","fileLogging":true,"jsonLogOutput":true,"logDirectory":"/home/ibanrama/Documents/developments/golang/jasanya-tech/dueit-micro-project/mail-service/internal/logs","fileName":"mail.log","maxSizeMB":200000000,"maxBackups":2000,"maxAgeInDays":2000,"time":"2023-09-16T12:08:03+07:00","message":"logging configured"}
{"level":"info","time":"2023-09-16T12:08:03+07:00","message":"consumer start listen..."}
{"level":"info","time":"2023-09-16T12:08:10+07:00","message":"mail success send"}
{"level":"info","time":"2023-09-16T12:08:10+07:00","message":"message at topic/partition/offset sendmail/0/4:  = {\"to\":\"syaiban95@gmail.com\",\"type\":\"activasi-account\",\"value\":\"FZzeQx\"}\n"}
{"level":"info","time":"2023-09-16T12:08:42+07:00","message":"close kafka"}
{"level":"info","time":"2023-09-16T12:08:43+07:00","message":"os exit"}
